[2025-11-06T13:15:58.373Z] [INFO] Database connection established successfully
[2025-11-06T13:15:58.391Z] [INFO] Socket.IO handlers initialized successfully
[2025-11-06T13:15:58.412Z] [INFO] ============================================================
[2025-11-06T13:15:58.419Z] [INFO] 🚀 Server Running
[2025-11-06T13:15:58.421Z] [INFO] ============================================================
[2025-11-06T13:15:58.426Z] [INFO] Environment: development
[2025-11-06T13:15:58.430Z] [INFO] Port: 3002
[2025-11-06T13:15:58.432Z] [INFO] API URL: http://localhost:3002
[2025-11-06T13:15:58.435Z] [INFO] Socket.IO URL: http://localhost:3002
[2025-11-06T13:15:58.439Z] [INFO] Socket.IO Path: /socket.io/
[2025-11-06T13:15:58.442Z] [INFO] ============================================================
[2025-11-07T17:12:16.222Z] [INFO] Database connection established successfully
[2025-11-07T17:12:16.236Z] [INFO] Socket.IO handlers initialized successfully
[2025-11-07T17:12:16.252Z] [INFO] ============================================================
[2025-11-07T17:12:16.254Z] [INFO] 🚀 Server Running
[2025-11-07T17:12:16.256Z] [INFO] ============================================================
[2025-11-07T17:12:16.258Z] [INFO] Environment: development
[2025-11-07T17:12:16.261Z] [INFO] Port: 3002
[2025-11-07T17:12:16.266Z] [INFO] API URL: http://localhost:3002
[2025-11-07T17:12:16.268Z] [INFO] Socket.IO URL: http://localhost:3002
[2025-11-07T17:12:16.271Z] [INFO] Socket.IO Path: /socket.io/
[2025-11-07T17:12:16.273Z] [INFO] ============================================================
[2025-11-12T15:27:15.760Z] [INFO] Database connection established successfully
[2025-11-12T15:27:15.961Z] [INFO] Socket.IO handlers initialized successfully
[2025-11-12T15:27:16.046Z] [INFO] ============================================================
[2025-11-12T15:27:16.054Z] [INFO] 🚀 Server Running
[2025-11-12T15:27:16.060Z] [INFO] ============================================================
[2025-11-12T15:27:16.067Z] [INFO] Environment: development
[2025-11-12T15:27:16.071Z] [INFO] Port: 3002
[2025-11-12T15:27:16.077Z] [INFO] API URL: http://localhost:3002
[2025-11-12T15:27:16.079Z] [INFO] Socket.IO URL: http://localhost:3002
[2025-11-12T15:27:16.082Z] [INFO] Socket.IO Path: /socket.io/
[2025-11-12T15:27:16.089Z] [INFO] ============================================================
[2025-11-15T09:34:49.024Z] [INFO] Database connection established successfully
[2025-11-15T09:34:49.046Z] [INFO] Socket.IO handlers initialized successfully
[2025-11-15T09:34:49.063Z] [INFO] ============================================================
[2025-11-15T09:34:49.066Z] [INFO] 🚀 Server Running
[2025-11-15T09:34:49.068Z] [INFO] ============================================================
[2025-11-15T09:34:49.073Z] [INFO] Environment: development
[2025-11-15T09:34:49.078Z] [INFO] Port: 3002
[2025-11-15T09:34:49.082Z] [INFO] API URL: http://localhost:3002
[2025-11-15T09:34:49.085Z] [INFO] Socket.IO URL: http://localhost:3002
[2025-11-15T09:34:49.087Z] [INFO] Socket.IO Path: /socket.io/
[2025-11-15T09:34:49.091Z] [INFO] ============================================================
[2025-11-15T09:46:46.136Z] [INFO] Database connection established successfully
[2025-11-15T09:46:46.143Z] [INFO] Socket.IO handlers initialized successfully
[2025-11-15T09:46:46.151Z] [INFO] ============================================================
[2025-11-15T09:46:46.152Z] [INFO] 🚀 Server Running
[2025-11-15T09:46:46.153Z] [INFO] ============================================================
[2025-11-15T09:46:46.154Z] [INFO] Environment: development
[2025-11-15T09:46:46.155Z] [INFO] Port: 3002
[2025-11-15T09:46:46.156Z] [INFO] API URL: http://localhost:3002
[2025-11-15T09:46:46.157Z] [INFO] Socket.IO URL: http://localhost:3002
[2025-11-15T09:46:46.159Z] [INFO] Socket.IO Path: /socket.io/
[2025-11-15T09:46:46.160Z] [INFO] ============================================================
[2025-11-15T09:47:21.462Z] [INFO] Database connection established successfully
[2025-11-15T09:47:21.481Z] [INFO] Socket.IO handlers initialized successfully
[2025-11-15T09:47:21.498Z] [INFO] ============================================================
[2025-11-15T09:47:21.501Z] [INFO] 🚀 Server Running
[2025-11-15T09:47:21.504Z] [INFO] ============================================================
[2025-11-15T09:47:21.509Z] [INFO] Environment: development
[2025-11-15T09:47:21.512Z] [INFO] Port: 3002
[2025-11-15T09:47:21.516Z] [INFO] API URL: http://localhost:3002
[2025-11-15T09:47:21.518Z] [INFO] Socket.IO URL: http://localhost:3002
[2025-11-15T09:47:21.521Z] [INFO] Socket.IO Path: /socket.io/
[2025-11-15T09:47:21.525Z] [INFO] ============================================================
[2025-11-15T09:49:01.819Z] [INFO] Database connection established successfully
[2025-11-15T09:49:01.836Z] [INFO] Socket.IO handlers initialized successfully
[2025-11-15T09:49:01.852Z] [INFO] ============================================================
[2025-11-15T09:49:01.856Z] [INFO] 🚀 Server Running
[2025-11-15T09:49:01.860Z] [INFO] ============================================================
[2025-11-15T09:49:01.866Z] [INFO] Environment: development
[2025-11-15T09:49:01.870Z] [INFO] Port: 3002
[2025-11-15T09:49:01.873Z] [INFO] API URL: http://localhost:3002
[2025-11-15T09:49:01.875Z] [INFO] Socket.IO URL: http://localhost:3002
[2025-11-15T09:49:01.878Z] [INFO] Socket.IO Path: /socket.io/
[2025-11-15T09:49:01.885Z] [INFO] ============================================================
[2025-11-15T09:50:07.250Z] [INFO] Database connection established successfully
[2025-11-15T09:50:07.258Z] [INFO] Socket.IO handlers initialized successfully
[2025-11-15T09:50:07.266Z] [INFO] ============================================================
[2025-11-15T09:50:07.268Z] [INFO] 🚀 Server Running
[2025-11-15T09:50:07.269Z] [INFO] ============================================================
[2025-11-15T09:50:07.271Z] [INFO] Environment: development
[2025-11-15T09:50:07.272Z] [INFO] Port: 3002
[2025-11-15T09:50:07.273Z] [INFO] API URL: http://localhost:3002
[2025-11-15T09:50:07.274Z] [INFO] Socket.IO URL: http://localhost:3002
[2025-11-15T09:50:07.275Z] [INFO] Socket.IO Path: /socket.io/
[2025-11-15T09:50:07.277Z] [INFO] ============================================================
[2025-11-15T10:32:33.239Z] [INFO] Database connection established successfully
[2025-11-15T10:32:33.258Z] [INFO] Socket.IO handlers initialized successfully
[2025-11-15T10:32:33.274Z] [INFO] ============================================================
[2025-11-15T10:32:33.278Z] [INFO] 🚀 Server Running
[2025-11-15T10:32:33.281Z] [INFO] ============================================================
[2025-11-15T10:32:33.283Z] [INFO] Environment: development
[2025-11-15T10:32:33.291Z] [INFO] Port: 3002
[2025-11-15T10:32:33.299Z] [INFO] API URL: http://localhost:3002
[2025-11-15T10:32:33.302Z] [INFO] Socket.IO URL: http://localhost:3002
[2025-11-15T10:32:33.305Z] [INFO] Socket.IO Path: /socket.io/
[2025-11-15T10:32:33.308Z] [INFO] ============================================================
[2025-11-15T10:33:51.354Z] [INFO] Database connection established successfully
[2025-11-15T10:33:51.373Z] [INFO] Socket.IO handlers initialized successfully
[2025-11-15T10:33:51.389Z] [INFO] ============================================================
[2025-11-15T10:33:51.391Z] [INFO] 🚀 Server Running
[2025-11-15T10:33:51.395Z] [INFO] ============================================================
[2025-11-15T10:33:51.400Z] [INFO] Environment: development
[2025-11-15T10:33:51.404Z] [INFO] Port: 3002
[2025-11-15T10:33:51.407Z] [INFO] API URL: http://localhost:3002
[2025-11-15T10:33:51.411Z] [INFO] Socket.IO URL: http://localhost:3002
[2025-11-15T10:33:51.419Z] [INFO] Socket.IO Path: /socket.io/
[2025-11-15T10:33:51.421Z] [INFO] ============================================================
[2025-11-15T10:34:19.926Z] [INFO] Database connection established successfully
[2025-11-15T10:34:19.942Z] [INFO] Socket.IO handlers initialized successfully
[2025-11-15T10:34:19.959Z] [INFO] ============================================================
[2025-11-15T10:34:19.962Z] [INFO] 🚀 Server Running
[2025-11-15T10:34:19.966Z] [INFO] ============================================================
[2025-11-15T10:34:19.970Z] [INFO] Environment: development
[2025-11-15T10:34:19.973Z] [INFO] Port: 3002
[2025-11-15T10:34:19.977Z] [INFO] API URL: http://localhost:3002
[2025-11-15T10:34:19.981Z] [INFO] Socket.IO URL: http://localhost:3002
[2025-11-15T10:34:19.985Z] [INFO] Socket.IO Path: /socket.io/
[2025-11-15T10:34:19.988Z] [INFO] ============================================================
[2025-11-15T10:37:35.712Z] [INFO] Database connection established successfully
[2025-11-15T10:37:35.728Z] [INFO] Socket.IO handlers initialized successfully
[2025-11-15T10:37:35.741Z] [INFO] ============================================================
[2025-11-15T10:37:35.744Z] [INFO] 🚀 Server Running
[2025-11-15T10:37:35.747Z] [INFO] ============================================================
[2025-11-15T10:37:35.750Z] [INFO] Environment: development
[2025-11-15T10:37:35.752Z] [INFO] Port: 3002
[2025-11-15T10:37:35.755Z] [INFO] API URL: http://localhost:3002
[2025-11-15T10:37:35.758Z] [INFO] Socket.IO URL: http://localhost:3002
[2025-11-15T10:37:35.762Z] [INFO] Socket.IO Path: /socket.io/
[2025-11-15T10:37:35.765Z] [INFO] ============================================================
[2025-11-15T11:18:37.610Z] [INFO] Database connection established successfully
[2025-11-15T11:18:37.624Z] [INFO] Socket.IO handlers initialized successfully
[2025-11-15T11:18:37.640Z] [INFO] ============================================================
[2025-11-15T11:18:37.643Z] [INFO] 🚀 Server Running
[2025-11-15T11:18:37.648Z] [INFO] ============================================================
[2025-11-15T11:18:37.651Z] [INFO] Environment: development
[2025-11-15T11:18:37.653Z] [INFO] Port: 3002
[2025-11-15T11:18:37.656Z] [INFO] API URL: http://localhost:3002
[2025-11-15T11:18:37.658Z] [INFO] Socket.IO URL: http://localhost:3002
[2025-11-15T11:18:37.660Z] [INFO] Socket.IO Path: /socket.io/
[2025-11-15T11:18:37.663Z] [INFO] ============================================================
[2025-11-15T11:19:53.384Z] [INFO] Database connection established successfully
[2025-11-15T11:19:53.401Z] [INFO] Socket.IO handlers initialized successfully
[2025-11-15T11:19:53.413Z] [INFO] ============================================================
[2025-11-15T11:19:53.417Z] [INFO] 🚀 Server Running
[2025-11-15T11:19:53.420Z] [INFO] ============================================================
[2025-11-15T11:19:53.423Z] [INFO] Environment: development
[2025-11-15T11:19:53.425Z] [INFO] Port: 3002
[2025-11-15T11:19:53.427Z] [INFO] API URL: http://localhost:3002
[2025-11-15T11:19:53.429Z] [INFO] Socket.IO URL: http://localhost:3002
[2025-11-15T11:19:53.431Z] [INFO] Socket.IO Path: /socket.io/
[2025-11-15T11:19:53.434Z] [INFO] ============================================================
[2025-11-15T11:52:49.808Z] [INFO] Database connection established successfully
[2025-11-15T11:52:49.845Z] [INFO] Socket.IO handlers initialized successfully
[2025-11-15T11:52:49.880Z] [INFO] ============================================================
[2025-11-15T11:52:49.884Z] [INFO] 🚀 Server Running
[2025-11-15T11:52:49.887Z] [INFO] ============================================================
[2025-11-15T11:52:49.897Z] [INFO] Environment: development
[2025-11-15T11:52:49.901Z] [INFO] Port: 3002
[2025-11-15T11:52:49.908Z] [INFO] API URL: http://localhost:3002
[2025-11-15T11:52:49.914Z] [INFO] Socket.IO URL: http://localhost:3002
[2025-11-15T11:52:49.922Z] [INFO] Socket.IO Path: /socket.io/
[2025-11-15T11:52:49.939Z] [INFO] ============================================================
[2025-11-15T12:20:40.153Z] [INFO] Database connection established successfully
[2025-11-15T12:20:40.167Z] [INFO] Socket.IO handlers initialized successfully
[2025-11-15T12:20:40.183Z] [INFO] ============================================================
[2025-11-15T12:20:40.186Z] [INFO] 🚀 Server Running
[2025-11-15T12:20:40.189Z] [INFO] ============================================================
[2025-11-15T12:20:40.194Z] [INFO] Environment: development
[2025-11-15T12:20:40.199Z] [INFO] Port: 3002
[2025-11-15T12:20:40.201Z] [INFO] API URL: http://localhost:3002
[2025-11-15T12:20:40.204Z] [INFO] Socket.IO URL: http://localhost:3002
[2025-11-15T12:20:40.208Z] [INFO] Socket.IO Path: /socket.io/
[2025-11-15T12:20:40.212Z] [INFO] ============================================================
[2025-11-15T14:52:11.108Z] [INFO] Database connection established successfully
[2025-11-15T14:52:11.169Z] [INFO] Socket.IO handlers initialized successfully
[2025-11-15T14:52:11.183Z] [INFO] ============================================================
[2025-11-15T14:52:11.185Z] [INFO] 🚀 Server Running
[2025-11-15T14:52:11.186Z] [INFO] ============================================================
[2025-11-15T14:52:11.195Z] [INFO] Environment: development
[2025-11-15T14:52:11.196Z] [INFO] Port: 3002
[2025-11-15T14:52:11.198Z] [INFO] API URL: http://localhost:3002
[2025-11-15T14:52:11.199Z] [INFO] Socket.IO URL: http://localhost:3002
[2025-11-15T14:52:11.200Z] [INFO] Socket.IO Path: /socket.io/
[2025-11-15T14:52:11.206Z] [INFO] ============================================================
[2025-11-15T16:16:56.063Z] [INFO] Database connection established successfully
[2025-11-15T16:16:56.096Z] [INFO] Socket.IO handlers initialized successfully
[2025-11-15T16:16:56.102Z] [INFO] ============================================================
[2025-11-15T16:16:56.103Z] [INFO] 🚀 Server Running
[2025-11-15T16:16:56.104Z] [INFO] ============================================================
[2025-11-15T16:16:56.105Z] [INFO] Environment: development
[2025-11-15T16:16:56.105Z] [INFO] Port: 3002
[2025-11-15T16:16:56.106Z] [INFO] API URL: http://localhost:3002
[2025-11-15T16:16:56.106Z] [INFO] Socket.IO URL: http://localhost:3002
[2025-11-15T16:16:56.107Z] [INFO] Socket.IO Path: /socket.io/
[2025-11-15T16:16:56.107Z] [INFO] ============================================================
[2025-11-15T16:30:53.537Z] [INFO] SIGINT received, shutting down gracefully
[2025-11-15T16:30:53.544Z] [INFO] HTTP server closed
[2025-11-15T16:30:53.546Z] [INFO] Socket.IO closed
[2025-11-15T16:31:21.288Z] [INFO] Database connection established successfully
[2025-11-15T16:31:21.298Z] [INFO] Socket.IO handlers initialized successfully
[2025-11-15T16:31:21.307Z] [INFO] ============================================================
[2025-11-15T16:31:21.308Z] [INFO] 🚀 Server Running
[2025-11-15T16:31:21.309Z] [INFO] ============================================================
[2025-11-15T16:31:21.310Z] [INFO] Environment: development
[2025-11-15T16:31:21.312Z] [INFO] Port: 3002
[2025-11-15T16:31:21.314Z] [INFO] API URL: http://localhost:3002
[2025-11-15T16:31:21.315Z] [INFO] Socket.IO URL: http://localhost:3002
[2025-11-15T16:31:21.316Z] [INFO] Socket.IO Path: /socket.io/
[2025-11-15T16:31:21.317Z] [INFO] ============================================================
[2025-11-15T16:36:54.146Z] [INFO] Database connection established successfully
[2025-11-15T16:36:54.150Z] [INFO] Socket.IO handlers initialized successfully
[2025-11-15T16:36:54.153Z] [INFO] ============================================================
[2025-11-15T16:36:54.153Z] [INFO] 🚀 Server Running
[2025-11-15T16:36:54.154Z] [INFO] ============================================================
[2025-11-15T16:36:54.155Z] [INFO] Environment: development
[2025-11-15T16:36:54.155Z] [INFO] Port: 3002
[2025-11-15T16:36:54.156Z] [INFO] API URL: http://localhost:3002
[2025-11-15T16:36:54.157Z] [INFO] Socket.IO URL: http://localhost:3002
[2025-11-15T16:36:54.158Z] [INFO] Socket.IO Path: /socket.io/
[2025-11-15T16:36:54.159Z] [INFO] ============================================================
[2025-11-15T17:51:14.667Z] [INFO] Database connection established successfully
[2025-11-15T17:51:14.670Z] [INFO] Socket.IO handlers initialized successfully
[2025-11-15T17:51:14.674Z] [INFO] ============================================================
[2025-11-15T17:51:14.675Z] [INFO] 🚀 Server Running
[2025-11-15T17:51:14.676Z] [INFO] ============================================================
[2025-11-15T17:51:14.676Z] [INFO] Environment: development
[2025-11-15T17:51:14.677Z] [INFO] Port: 3002
[2025-11-15T17:51:14.677Z] [INFO] API URL: http://localhost:3002
[2025-11-15T17:51:14.678Z] [INFO] Socket.IO URL: http://localhost:3002
[2025-11-15T17:51:14.678Z] [INFO] Socket.IO Path: /socket.io/
[2025-11-15T17:51:14.679Z] [INFO] ============================================================
